13:17:31 **** Incremental Build of configuration Debug for project Signals ****
make all 
make: Nothing to be done for `all'.
13:21:55 **** Incremental Build of configuration Debug for project Practica2DC ****
make all 
Building file: ../barrera.cpp
Invoking: GCC C++ Compiler
g++ -O0 -g3 -Wall -c -fmessage-length=0 -MMD -MP -MF"barrera.d" -MT"barrera.o" -o "barrera.o" "../barrera.cpp"
Finished building: ../barrera.cpp
 
Building target: Practica2DC
Invoking: GCC C++ Linker
g++  -o "Practica2DC"  ./barrera.o ./main.o   -lpthread
Finished building target: Practica2DC
 
13:22:21 **** Incremental Build of configuration Debug for project Practica2DC ****
make all 
Building file: ../barrera.cpp
Invoking: GCC C++ Compiler
g++ -O0 -g3 -Wall -c -fmessage-length=0 -MMD -MP -MF"barrera.d" -MT"barrera.o" -o "barrera.o" "../barrera.cpp"
Finished building: ../barrera.cpp
 
Building target: Practica2DC
Invoking: GCC C++ Linker
g++  -o "Practica2DC"  ./barrera.o ./main.o   -lpthread
Finished building target: Practica2DC
 
